Drill report for keyboard.kicad_pcb
Created on Sun Oct  2 17:15:59 2022

Copper Layer Stackup:
    =============================================================
    L1 :  F.Cu                      front
    L2 :  B.Cu                      back


Drill file 'keyboard.drl' contains
    plated through holes:
    =============================================================
    T1  1.092mm  0.0430"  (24 holes)
    T2  1.470mm  0.0579"  (188 holes)

    Total plated holes count 212


Not plated through holes are merged with plated holes
    unplated through holes:
    =============================================================
    T3  1.750mm  0.0689"  (94 holes)
    T4  3.048mm  0.1200"  (8 holes)
    T5  3.200mm  0.1260"  (3 holes)
    T6  3.988mm  0.1570"  (55 holes)

    Total unplated holes count 160
